<?xml version="1.0" encoding="UTF-8"?>
<!-- Generated by org.testng.reporters.JUnitXMLReporter -->
<testsuite ignored="0" hostname="LIN-5CG136BW0R" failures="0" tests="5" name="Default test" time="0.076" errors="0" timestamp="2025-03-19T00:15:10 IST">
  <testcase classname="SeleniumWebDriver.DependencyMtd" name="openapp" time="0.02"/>
  <testcase classname="SeleniumWebDriver.DependencyMtd" name="login" time="0.001"/>
  <testcase classname="SeleniumWebDriver.DependencyMtd" name="search" time="0.002"/>
  <testcase classname="SeleniumWebDriver.DependencyMtd" name="advsearch" time="0.001"/>
  <testcase classname="SeleniumWebDriver.DependencyMtd" name="logout" time="0.002"/>
</testsuite> <!-- Default test -->
