<?xml version="1.0" encoding="UTF-8"?>
<!-- Generated by org.testng.reporters.JUnitXMLReporter -->
<testsuite ignored="5" hostname="LIN-5CG136BW0R" failures="0" tests="3" name="groupingtests" time="0.065" errors="0" timestamp="2025-03-19T10:50:00 IST">
  <testcase classname="TestNG.LoginTests" name="loginByEmail" time="0.015"/>
  <testcase classname="TestNG.LoginTests" name="loginByFacebook" time="0.002"/>
  <testcase classname="TestNG.LoginTests" name="loginBytwitter" time="0.002"/>
  <testcase classname="TestNG.SignupTest" name="signupbyfacebook" time="0.0">
    <ignored/>
  </testcase> <!-- signupbyfacebook -->
  <testcase classname="TestNG.SignupTest" name="signupbyemail" time="0.0">
    <ignored/>
  </testcase> <!-- signupbyemail -->
  <testcase classname="TestNG.PaymentsTests" name="paymentinDollars" time="0.0">
    <ignored/>
  </testcase> <!-- paymentinDollars -->
  <testcase classname="TestNG.SignupTest" name="signupbytwitter" time="0.0">
    <ignored/>
  </testcase> <!-- signupbytwitter -->
  <testcase classname="TestNG.PaymentsTests" name="paymentinRupees" time="0.0">
    <ignored/>
  </testcase> <!-- paymentinRupees -->
</testsuite> <!-- groupingtests -->
