<?xml version="1.0" encoding="UTF-8"?>
<testng-results ignored="5" total="8" passed="3" failed="0" skipped="0">
  <reporter-output>
  </reporter-output>
  <suite started-at="2025-03-19T10:50:00 IST" name="groupingsuite" finished-at="2025-03-19T10:50:00 IST" duration-ms="65">
    <groups>
      <group name="sanity">
        <method signature="LoginTests.loginByEmail()[pri:1, instance:TestNG.LoginTests@5bda8e08]" name="loginByEmail" class="TestNG.LoginTests"/>
        <method signature="LoginTests.loginByFacebook()[pri:2, instance:TestNG.LoginTests@5bda8e08]" name="loginByFacebook" class="TestNG.LoginTests"/>
        <method signature="LoginTests.loginBytwitter()[pri:3, instance:TestNG.LoginTests@5bda8e08]" name="loginBytwitter" class="TestNG.LoginTests"/>
      </group> <!-- sanity -->
    </groups>
    <test started-at="2025-03-19T10:50:00 IST" name="groupingtests" finished-at="2025-03-19T10:50:00 IST" duration-ms="65">
      <class name="TestNG.LoginTests">
        <test-method signature="loginByEmail()[pri:1, instance:TestNG.LoginTests@5bda8e08]" started-at="2025-03-19T10:50:00 IST" name="loginByEmail" finished-at="2025-03-19T10:50:00 IST" duration-ms="15" status="PASS">
          <reporter-output>
          </reporter-output>
        </test-method> <!-- loginByEmail -->
        <test-method signature="loginByFacebook()[pri:2, instance:TestNG.LoginTests@5bda8e08]" started-at="2025-03-19T10:50:00 IST" name="loginByFacebook" finished-at="2025-03-19T10:50:00 IST" duration-ms="2" status="PASS">
          <reporter-output>
          </reporter-output>
        </test-method> <!-- loginByFacebook -->
        <test-method signature="loginBytwitter()[pri:3, instance:TestNG.LoginTests@5bda8e08]" started-at="2025-03-19T10:50:00 IST" name="loginBytwitter" finished-at="2025-03-19T10:50:00 IST" duration-ms="2" status="PASS">
          <reporter-output>
          </reporter-output>
        </test-method> <!-- loginBytwitter -->
      </class> <!-- TestNG.LoginTests -->
    </test> <!-- groupingtests -->
  </suite> <!-- groupingsuite -->
</testng-results>
